-- The C compiler identification is GNU 5.4.0
-- The CXX compiler identification is GNU 5.4.0
-- Check for working C compiler: /usr/bin/cc
-- Check for working C compiler: /usr/bin/cc -- works
-- Detecting C compiler ABI info
-- Detecting C compiler ABI info - done
-- Detecting C compile features
-- Detecting C compile features - done
-- Check for working CXX compiler: /usr/bin/c++
-- Check for working CXX compiler: /usr/bin/c++ -- works
-- Detecting CXX compiler ABI info
-- Detecting CXX compiler ABI info - done
-- Detecting CXX compile features
-- Detecting CXX compile features - done
-- Looking for pthread.h
-- Looking for pthread.h - found
-- Looking for pthread_create
-- Looking for pthread_create - not found
-- Looking for pthread_create in pthreads
-- Looking for pthread_create in pthreads - not found
-- Looking for pthread_create in pthread
-- Looking for pthread_create in pthread - found
-- Found Threads: TRUE  
-- Boost version: 1.58.0
-- Found the following Boost libraries:
--   program_options
--   system
--   thread
--   chrono
--   date_time
--   atomic
-- Found PkgConfig: /usr/bin/pkg-config (found version "0.29.1") 
-- Found UHD: /usr/lib/x86_64-linux-gnu/libuhd.so (Required is at least version "3.8.0") 
-- ******************************************************************************
-- * NOTE: When building your own app, you probably need all kinds of different  
-- * compiler flags. This is just an example, so it's unlikely these settings    
-- * exactly match what you require. Make sure to double-check compiler and     
-- * linker flags to make sure your specific requirements are included.          
-- ******************************************************************************
-- Linking against shared UHD library.
-- Configuring done
-- Generating done
-- Build files have been written to: /home/mihai/eMTC/build
